2021-05-19 23:36:48,978 INFO RPC interface 'supervisor' initialized
2021-05-19 23:36:48,978 CRIT Server 'unix_http_server' running without any HTTP authentication checking
2021-05-19 23:36:48,979 INFO daemonizing the supervisord process
2021-05-19 23:36:48,979 INFO supervisord started with pid 92201
2021-05-19 23:36:49,154 INFO spawned: 'getfile' with pid 92203
2021-05-19 23:36:49,404 INFO exited: getfile (exit status 3; not expected)
2021-05-19 23:36:50,406 INFO spawned: 'getfile' with pid 92206
2021-05-19 23:36:50,517 INFO exited: getfile (exit status 3; not expected)
2021-05-19 23:36:52,521 INFO spawned: 'getfile' with pid 92209
2021-05-19 23:36:52,637 INFO exited: getfile (exit status 3; not expected)
2021-05-19 23:36:55,641 INFO spawned: 'getfile' with pid 92212
2021-05-19 23:36:55,752 INFO exited: getfile (exit status 3; not expected)
2021-05-19 23:36:59,773 INFO spawned: 'getfile' with pid 92329
2021-05-19 23:37:00,415 INFO exited: getfile (exit status 3; not expected)
2021-05-19 23:37:05,436 INFO spawned: 'getfile' with pid 92411
2021-05-19 23:37:05,663 INFO exited: getfile (exit status 3; not expected)
2021-05-19 23:37:06,665 INFO gave up: getfile entered FATAL state, too many start retries too quickly
2021-05-19 23:47:05,204 INFO RPC interface 'supervisor' initialized
2021-05-19 23:47:05,204 CRIT Server 'unix_http_server' running without any HTTP authentication checking
2021-05-19 23:47:05,205 INFO daemonizing the supervisord process
2021-05-19 23:47:05,206 INFO supervisord started with pid 93163
2021-05-19 23:47:05,288 INFO spawned: 'getfile' with pid 93165
2021-05-19 23:47:05,403 INFO exited: getfile (exit status 3; not expected)
2021-05-19 23:47:06,406 INFO spawned: 'getfile' with pid 93168
2021-05-19 23:47:06,522 INFO exited: getfile (exit status 3; not expected)
2021-05-19 23:47:08,526 INFO spawned: 'getfile' with pid 93173
2021-05-19 23:47:08,652 INFO exited: getfile (exit status 3; not expected)
2021-05-19 23:47:11,658 INFO spawned: 'getfile' with pid 93182
2021-05-19 23:47:11,771 INFO exited: getfile (exit status 3; not expected)
2021-05-19 23:47:15,780 INFO spawned: 'getfile' with pid 93185
2021-05-19 23:47:15,894 INFO exited: getfile (exit status 3; not expected)
2021-05-19 23:47:20,901 INFO spawned: 'getfile' with pid 93190
2021-05-19 23:47:21,017 INFO exited: getfile (exit status 3; not expected)
2021-05-19 23:47:22,019 INFO gave up: getfile entered FATAL state, too many start retries too quickly
2021-05-19 23:48:22,231 INFO RPC interface 'supervisor' initialized
2021-05-19 23:48:22,231 CRIT Server 'unix_http_server' running without any HTTP authentication checking
2021-05-19 23:48:22,232 INFO daemonizing the supervisord process
2021-05-19 23:48:22,232 INFO supervisord started with pid 93248
2021-05-19 23:48:22,317 INFO spawned: 'getfile' with pid 93250
2021-05-19 23:48:22,435 INFO exited: getfile (exit status 3; not expected)
2021-05-19 23:48:23,436 INFO spawned: 'getfile' with pid 93253
2021-05-19 23:48:23,549 INFO exited: getfile (exit status 3; not expected)
2021-05-19 23:48:25,551 INFO spawned: 'getfile' with pid 93256
2021-05-19 23:48:25,674 INFO exited: getfile (exit status 3; not expected)
2021-05-19 23:48:28,681 INFO spawned: 'getfile' with pid 93260
2021-05-19 23:48:28,792 INFO exited: getfile (exit status 3; not expected)
2021-05-19 23:48:32,799 INFO spawned: 'getfile' with pid 93263
2021-05-19 23:48:32,913 INFO exited: getfile (exit status 3; not expected)
2021-05-19 23:48:37,920 INFO spawned: 'getfile' with pid 93266
2021-05-19 23:48:38,034 INFO exited: getfile (exit status 3; not expected)
2021-05-19 23:48:39,034 INFO gave up: getfile entered FATAL state, too many start retries too quickly
2021-05-19 23:50:08,903 INFO RPC interface 'supervisor' initialized
2021-05-19 23:50:08,903 CRIT Server 'unix_http_server' running without any HTTP authentication checking
2021-05-19 23:50:08,904 INFO daemonizing the supervisord process
2021-05-19 23:50:08,905 INFO supervisord started with pid 93309
2021-05-19 23:50:08,987 INFO spawned: 'getfile' with pid 93311
2021-05-19 23:50:09,102 INFO exited: getfile (exit status 3; not expected)
2021-05-19 23:50:10,105 INFO spawned: 'getfile' with pid 93314
2021-05-19 23:50:10,230 INFO exited: getfile (exit status 3; not expected)
2021-05-19 23:50:12,234 INFO spawned: 'getfile' with pid 93326
2021-05-19 23:50:12,351 INFO exited: getfile (exit status 3; not expected)
2021-05-19 23:50:15,355 INFO spawned: 'getfile' with pid 93332
2021-05-19 23:50:15,472 INFO exited: getfile (exit status 3; not expected)
2021-05-19 23:50:19,479 INFO spawned: 'getfile' with pid 93335
2021-05-19 23:50:19,594 INFO exited: getfile (exit status 3; not expected)
2021-05-19 23:50:24,604 INFO spawned: 'getfile' with pid 93338
2021-05-19 23:50:24,720 INFO exited: getfile (exit status 3; not expected)
2021-05-19 23:50:25,723 INFO gave up: getfile entered FATAL state, too many start retries too quickly
2021-05-19 23:53:55,543 INFO RPC interface 'supervisor' initialized
2021-05-19 23:53:55,543 CRIT Server 'unix_http_server' running without any HTTP authentication checking
2021-05-19 23:53:55,544 INFO daemonizing the supervisord process
2021-05-19 23:53:55,545 INFO supervisord started with pid 93380
2021-05-19 23:53:55,628 INFO spawned: 'execline' with pid 93382
2021-05-19 23:53:55,630 INFO spawned: 'getfile' with pid 93383
2021-05-19 23:53:55,747 INFO exited: getfile (exit status 3; not expected)
2021-05-19 23:53:55,925 INFO exited: execline (exit status 1; not expected)
2021-05-19 23:53:56,926 INFO gave up: execline entered FATAL state, too many start retries too quickly
2021-05-19 23:53:56,927 INFO spawned: 'getfile' with pid 93387
2021-05-19 23:53:57,051 INFO exited: getfile (exit status 3; not expected)
2021-05-19 23:53:59,056 INFO spawned: 'getfile' with pid 93395
2021-05-19 23:53:59,173 INFO exited: getfile (exit status 3; not expected)
2021-05-19 23:54:02,179 INFO spawned: 'getfile' with pid 93398
2021-05-19 23:54:02,295 INFO exited: getfile (exit status 3; not expected)
2021-05-19 23:54:06,304 INFO spawned: 'getfile' with pid 93401
2021-05-19 23:54:06,418 INFO exited: getfile (exit status 3; not expected)
2021-05-19 23:54:11,426 INFO spawned: 'getfile' with pid 93404
2021-05-19 23:54:11,551 INFO exited: getfile (exit status 3; not expected)
2021-05-19 23:54:12,553 INFO gave up: getfile entered FATAL state, too many start retries too quickly
2021-05-19 23:58:35,299 INFO RPC interface 'supervisor' initialized
2021-05-19 23:58:35,299 CRIT Server 'unix_http_server' running without any HTTP authentication checking
2021-05-19 23:58:35,300 INFO daemonizing the supervisord process
2021-05-19 23:58:35,300 INFO supervisord started with pid 93467
2021-05-19 23:58:35,383 INFO spawned: 'execline' with pid 93469
2021-05-19 23:58:35,384 INFO spawned: 'getfile' with pid 93470
2021-05-19 23:58:35,502 INFO exited: getfile (exit status 3; not expected)
2021-05-19 23:58:35,654 INFO exited: execline (exit status 1; not expected)
2021-05-19 23:58:36,655 INFO gave up: execline entered FATAL state, too many start retries too quickly
2021-05-19 23:58:36,656 INFO spawned: 'getfile' with pid 93474
2021-05-19 23:58:36,770 INFO exited: getfile (exit status 3; not expected)
2021-05-19 23:58:38,775 INFO spawned: 'getfile' with pid 93477
2021-05-19 23:58:38,890 INFO exited: getfile (exit status 3; not expected)
2021-05-19 23:58:41,896 INFO spawned: 'getfile' with pid 93481
2021-05-19 23:58:42,011 INFO exited: getfile (exit status 3; not expected)
2021-05-19 23:58:46,017 INFO spawned: 'getfile' with pid 93489
2021-05-19 23:58:46,136 INFO exited: getfile (exit status 3; not expected)
2021-05-19 23:58:51,143 INFO spawned: 'getfile' with pid 93492
2021-05-19 23:58:51,263 INFO exited: getfile (exit status 3; not expected)
2021-05-19 23:58:52,263 INFO gave up: getfile entered FATAL state, too many start retries too quickly
2021-05-19 23:58:58,201 INFO RPC interface 'supervisor' initialized
2021-05-19 23:58:58,201 CRIT Server 'unix_http_server' running without any HTTP authentication checking
2021-05-19 23:58:58,202 INFO daemonizing the supervisord process
2021-05-19 23:58:58,203 INFO supervisord started with pid 93513
2021-05-19 23:58:58,286 INFO spawned: 'execline' with pid 93515
2021-05-19 23:58:58,288 INFO spawned: 'getfile' with pid 93516
2021-05-19 23:58:58,405 INFO exited: getfile (exit status 3; not expected)
2021-05-19 23:58:58,559 INFO exited: execline (exit status 1; not expected)
2021-05-19 23:58:59,560 INFO gave up: execline entered FATAL state, too many start retries too quickly
2021-05-19 23:58:59,561 INFO spawned: 'getfile' with pid 93520
2021-05-19 23:58:59,674 INFO exited: getfile (exit status 3; not expected)
2021-05-19 23:59:01,678 INFO spawned: 'getfile' with pid 93524
2021-05-19 23:59:01,797 INFO exited: getfile (exit status 3; not expected)
2021-05-19 23:59:04,803 INFO spawned: 'getfile' with pid 93529
2021-05-19 23:59:04,916 INFO exited: getfile (exit status 3; not expected)
2021-05-19 23:59:08,923 INFO spawned: 'getfile' with pid 93548
2021-05-19 23:59:09,044 INFO exited: getfile (exit status 3; not expected)
2021-05-19 23:59:14,053 INFO spawned: 'getfile' with pid 93551
2021-05-19 23:59:14,169 INFO exited: getfile (exit status 3; not expected)
2021-05-19 23:59:15,170 INFO gave up: getfile entered FATAL state, too many start retries too quickly
2021-05-20 00:04:33,002 INFO RPC interface 'supervisor' initialized
2021-05-20 00:04:33,002 CRIT Server 'unix_http_server' running without any HTTP authentication checking
2021-05-20 00:04:33,003 INFO daemonizing the supervisord process
2021-05-20 00:04:33,003 INFO supervisord started with pid 93660
2021-05-20 00:04:33,086 INFO spawned: 'execline' with pid 93662
2021-05-20 00:04:33,088 INFO spawned: 'getfile' with pid 93663
2021-05-20 00:04:33,298 INFO exited: getfile (exit status 4; not expected)
2021-05-20 00:04:33,363 INFO exited: execline (exit status 1; not expected)
2021-05-20 00:04:34,365 INFO gave up: execline entered FATAL state, too many start retries too quickly
2021-05-20 00:04:34,366 INFO spawned: 'getfile' with pid 93667
2021-05-20 00:04:34,569 INFO exited: getfile (exit status 4; not expected)
2021-05-20 00:04:36,574 INFO spawned: 'getfile' with pid 93683
2021-05-20 00:04:36,785 INFO exited: getfile (exit status 4; not expected)
2021-05-20 00:04:39,791 INFO spawned: 'getfile' with pid 93687
2021-05-20 00:04:39,988 INFO exited: getfile (exit status 4; not expected)
2021-05-20 00:04:43,993 INFO spawned: 'getfile' with pid 93690
2021-05-20 00:04:44,200 INFO exited: getfile (exit status 4; not expected)
2021-05-20 00:04:49,208 INFO spawned: 'getfile' with pid 93693
2021-05-20 00:04:49,412 INFO exited: getfile (exit status 4; not expected)
2021-05-20 00:04:50,413 INFO gave up: getfile entered FATAL state, too many start retries too quickly
2021-05-20 00:06:05,647 INFO RPC interface 'supervisor' initialized
2021-05-20 00:06:05,647 CRIT Server 'unix_http_server' running without any HTTP authentication checking
2021-05-20 00:06:05,648 INFO daemonizing the supervisord process
2021-05-20 00:06:05,649 INFO supervisord started with pid 93726
2021-05-20 00:06:05,732 INFO spawned: 'execline' with pid 93728
2021-05-20 00:06:05,733 INFO spawned: 'getfile' with pid 93729
2021-05-20 00:06:06,003 INFO exited: execline (exit status 1; not expected)
2021-05-20 00:06:07,005 INFO gave up: execline entered FATAL state, too many start retries too quickly
2021-05-20 00:06:07,005 INFO success: getfile entered RUNNING state, process has stayed up for > than 1 seconds (startsecs)
2021-05-20 00:10:18,642 INFO RPC interface 'supervisor' initialized
2021-05-20 00:10:18,642 CRIT Server 'unix_http_server' running without any HTTP authentication checking
2021-05-20 00:10:18,643 INFO daemonizing the supervisord process
2021-05-20 00:10:18,644 INFO supervisord started with pid 93782
2021-05-20 00:10:18,726 INFO spawned: 'execline' with pid 93784
2021-05-20 00:10:18,728 INFO spawned: 'getfile' with pid 93785
2021-05-20 00:10:19,817 INFO success: execline entered RUNNING state, process has stayed up for > than 1 seconds (startsecs)
2021-05-20 00:10:19,817 INFO success: getfile entered RUNNING state, process has stayed up for > than 1 seconds (startsecs)
2021-05-20 00:11:11,297 INFO exited: execline (terminated by SIGKILL; not expected)
2021-05-20 00:11:11,708 INFO RPC interface 'supervisor' initialized
2021-05-20 00:11:11,708 CRIT Server 'unix_http_server' running without any HTTP authentication checking
2021-05-20 00:11:11,709 INFO daemonizing the supervisord process
2021-05-20 00:11:11,710 INFO supervisord started with pid 93834
2021-05-20 00:11:11,792 INFO spawned: 'execline' with pid 93836
2021-05-20 00:11:11,793 INFO spawned: 'getfile' with pid 93837
2021-05-20 00:11:12,883 INFO success: execline entered RUNNING state, process has stayed up for > than 1 seconds (startsecs)
2021-05-20 00:11:12,883 INFO success: getfile entered RUNNING state, process has stayed up for > than 1 seconds (startsecs)
2021-05-20 00:12:25,066 INFO exited: execline (terminated by SIGKILL; not expected)
2021-05-20 00:12:25,477 INFO RPC interface 'supervisor' initialized
2021-05-20 00:12:25,477 CRIT Server 'unix_http_server' running without any HTTP authentication checking
2021-05-20 00:12:25,478 INFO daemonizing the supervisord process
2021-05-20 00:12:25,478 INFO supervisord started with pid 93888
2021-05-20 00:12:25,561 INFO spawned: 'execline' with pid 93890
2021-05-20 00:12:25,562 INFO spawned: 'getfile' with pid 93891
2021-05-20 00:12:26,652 INFO success: execline entered RUNNING state, process has stayed up for > than 1 seconds (startsecs)
2021-05-20 00:12:26,652 INFO success: getfile entered RUNNING state, process has stayed up for > than 1 seconds (startsecs)
2021-05-20 00:12:41,459 INFO exited: execline (terminated by SIGKILL; not expected)
2021-05-20 00:12:41,870 INFO RPC interface 'supervisor' initialized
2021-05-20 00:12:41,870 CRIT Server 'unix_http_server' running without any HTTP authentication checking
2021-05-20 00:12:41,871 INFO daemonizing the supervisord process
2021-05-20 00:12:41,871 INFO supervisord started with pid 93931
2021-05-20 00:12:41,954 INFO spawned: 'execline' with pid 93933
2021-05-20 00:12:41,955 INFO spawned: 'getfile' with pid 93934
2021-05-20 00:12:43,045 INFO success: execline entered RUNNING state, process has stayed up for > than 1 seconds (startsecs)
2021-05-20 00:12:43,045 INFO success: getfile entered RUNNING state, process has stayed up for > than 1 seconds (startsecs)
2021-05-20 00:18:49,389 INFO exited: execline (terminated by SIGKILL; not expected)
2021-05-20 00:18:49,801 INFO RPC interface 'supervisor' initialized
2021-05-20 00:18:49,801 CRIT Server 'unix_http_server' running without any HTTP authentication checking
2021-05-20 00:18:49,802 INFO daemonizing the supervisord process
2021-05-20 00:18:49,802 INFO supervisord started with pid 94019
2021-05-20 00:18:49,886 INFO spawned: 'execline' with pid 94021
2021-05-20 00:18:49,888 INFO spawned: 'getfile' with pid 94022
2021-05-20 00:18:50,979 INFO success: execline entered RUNNING state, process has stayed up for > than 1 seconds (startsecs)
2021-05-20 00:18:50,979 INFO success: getfile entered RUNNING state, process has stayed up for > than 1 seconds (startsecs)
2021-05-20 01:32:27,086 INFO RPC interface 'supervisor' initialized
2021-05-20 01:32:27,086 CRIT Server 'unix_http_server' running without any HTTP authentication checking
2021-05-20 01:32:27,087 INFO daemonizing the supervisord process
2021-05-20 01:32:27,087 INFO supervisord started with pid 4443
2021-05-20 01:32:27,201 INFO spawned: 'execline' with pid 4445
2021-05-20 01:32:27,202 INFO spawned: 'getfile' with pid 4446
2021-05-20 01:32:28,368 INFO success: execline entered RUNNING state, process has stayed up for > than 1 seconds (startsecs)
2021-05-20 01:32:28,368 INFO success: getfile entered RUNNING state, process has stayed up for > than 1 seconds (startsecs)
2021-05-20 02:30:47,832 INFO RPC interface 'supervisor' initialized
2021-05-20 02:30:47,832 CRIT Server 'unix_http_server' running without any HTTP authentication checking
2021-05-20 02:30:47,833 INFO daemonizing the supervisord process
2021-05-20 02:30:47,833 INFO supervisord started with pid 3180
2021-05-20 02:30:47,939 INFO spawned: 'execline' with pid 3182
2021-05-20 02:30:47,940 INFO spawned: 'getfile' with pid 3183
2021-05-20 02:30:49,184 INFO success: execline entered RUNNING state, process has stayed up for > than 1 seconds (startsecs)
2021-05-20 02:30:49,184 INFO success: getfile entered RUNNING state, process has stayed up for > than 1 seconds (startsecs)
2021-05-20 18:10:29,577 INFO RPC interface 'supervisor' initialized
2021-05-20 18:10:29,584 CRIT Server 'unix_http_server' running without any HTTP authentication checking
2021-05-20 18:10:29,585 INFO daemonizing the supervisord process
2021-05-20 18:10:29,585 INFO supervisord started with pid 3528
2021-05-20 18:10:29,741 INFO spawned: 'execline' with pid 3530
2021-05-20 18:10:29,743 INFO spawned: 'getfile' with pid 3531
2021-05-20 18:10:31,019 INFO success: execline entered RUNNING state, process has stayed up for > than 1 seconds (startsecs)
2021-05-20 18:10:31,019 INFO success: getfile entered RUNNING state, process has stayed up for > than 1 seconds (startsecs)
2021-05-20 18:21:08,719 INFO exited: execline (terminated by SIGKILL; not expected)
2021-05-20 18:21:09,127 INFO RPC interface 'supervisor' initialized
2021-05-20 18:21:09,127 CRIT Server 'unix_http_server' running without any HTTP authentication checking
2021-05-20 18:21:09,128 INFO daemonizing the supervisord process
2021-05-20 18:21:09,129 INFO supervisord started with pid 4875
2021-05-20 18:21:09,210 INFO spawned: 'execline' with pid 4877
2021-05-20 18:21:09,212 INFO spawned: 'getfile' with pid 4878
2021-05-20 18:21:10,301 INFO success: execline entered RUNNING state, process has stayed up for > than 1 seconds (startsecs)
2021-05-20 18:21:10,301 INFO success: getfile entered RUNNING state, process has stayed up for > than 1 seconds (startsecs)
2021-05-20 18:23:43,320 INFO exited: execline (terminated by SIGKILL; not expected)
2021-05-20 18:23:43,731 INFO RPC interface 'supervisor' initialized
2021-05-20 18:23:43,731 CRIT Server 'unix_http_server' running without any HTTP authentication checking
2021-05-20 18:23:43,732 INFO daemonizing the supervisord process
2021-05-20 18:23:43,732 INFO supervisord started with pid 5664
2021-05-20 18:23:43,816 INFO spawned: 'execline' with pid 5666
2021-05-20 18:23:43,817 INFO spawned: 'getfile' with pid 5667
2021-05-20 18:23:44,905 INFO success: execline entered RUNNING state, process has stayed up for > than 1 seconds (startsecs)
2021-05-20 18:23:44,905 INFO success: getfile entered RUNNING state, process has stayed up for > than 1 seconds (startsecs)
2021-05-20 18:25:52,292 INFO exited: execline (terminated by SIGKILL; not expected)
2021-05-20 18:25:52,700 INFO RPC interface 'supervisor' initialized
2021-05-20 18:25:52,700 CRIT Server 'unix_http_server' running without any HTTP authentication checking
2021-05-20 18:25:52,700 INFO daemonizing the supervisord process
2021-05-20 18:25:52,701 INFO supervisord started with pid 6155
2021-05-20 18:25:52,782 INFO spawned: 'execline' with pid 6157
2021-05-20 18:25:52,783 INFO spawned: 'getfile' with pid 6158
2021-05-20 18:25:53,871 INFO success: execline entered RUNNING state, process has stayed up for > than 1 seconds (startsecs)
2021-05-20 18:25:53,871 INFO success: getfile entered RUNNING state, process has stayed up for > than 1 seconds (startsecs)
2021-05-20 23:01:15,626 INFO exited: execline (terminated by SIGKILL; not expected)
2021-05-20 23:01:16,046 INFO RPC interface 'supervisor' initialized
2021-05-20 23:01:16,046 CRIT Server 'unix_http_server' running without any HTTP authentication checking
2021-05-20 23:01:16,046 INFO daemonizing the supervisord process
2021-05-20 23:01:16,047 INFO supervisord started with pid 9113
2021-05-20 23:01:16,135 INFO spawned: 'execline' with pid 9115
2021-05-20 23:01:16,137 INFO spawned: 'getfile' with pid 9116
2021-05-20 23:01:17,229 INFO success: execline entered RUNNING state, process has stayed up for > than 1 seconds (startsecs)
2021-05-20 23:01:17,229 INFO success: getfile entered RUNNING state, process has stayed up for > than 1 seconds (startsecs)
2021-05-20 23:11:22,379 INFO exited: execline (terminated by SIGKILL; not expected)
2021-05-20 23:11:22,489 INFO RPC interface 'supervisor' initialized
2021-05-20 23:11:22,790 INFO RPC interface 'supervisor' initialized
2021-05-20 23:11:22,790 CRIT Server 'unix_http_server' running without any HTTP authentication checking
2021-05-20 23:11:22,791 INFO daemonizing the supervisord process
2021-05-20 23:11:22,792 INFO supervisord started with pid 10184
2021-05-20 23:11:22,875 INFO spawned: 'execline' with pid 10186
2021-05-20 23:11:22,877 INFO spawned: 'getfile' with pid 10187
2021-05-20 23:11:23,966 INFO success: execline entered RUNNING state, process has stayed up for > than 1 seconds (startsecs)
2021-05-20 23:11:23,967 INFO success: getfile entered RUNNING state, process has stayed up for > than 1 seconds (startsecs)
2021-05-20 23:13:26,525 INFO waiting for execline to stop
2021-05-20 23:13:26,526 INFO waiting for getfile to stop
2021-05-20 23:13:26,527 INFO stopped: execline (terminated by SIGKILL)
2021-05-20 23:13:26,527 INFO stopped: getfile (terminated by SIGKILL)
2021-05-20 23:13:28,533 INFO spawned: 'execline' with pid 10505
2021-05-20 23:13:28,534 INFO spawned: 'getfile' with pid 10506
2021-05-20 23:13:29,623 INFO success: execline entered RUNNING state, process has stayed up for > than 1 seconds (startsecs)
2021-05-20 23:13:29,623 INFO success: getfile entered RUNNING state, process has stayed up for > than 1 seconds (startsecs)
2021-05-20 23:13:33,640 INFO exited: getfile (exit status 1; not expected)
2021-05-20 23:13:34,643 INFO spawned: 'getfile' with pid 10512
2021-05-20 23:13:35,729 INFO success: getfile entered RUNNING state, process has stayed up for > than 1 seconds (startsecs)
